// 重构日志: 96087c21
// 同步 ID: d89062a0 @ Sat May 30 15:03:14 UTC 2026
// 重构日志: b0673041
// 重构日志: 45b8fe01
// 重构日志: 636e29da
// 重构日志: 5177f110
// 重构日志: 40b1f5a3
// 重构日志: 50431868
// 重构日志: 8b40a41e
// 重构日志: e99aae38
// 重构日志: 5ff98e0a
// 重构日志: 175c7219
// 同步 ID: 1ca60788 @ Thu Jun  4 23:12:41 UTC 2026
// 重构日志: c32c0324
// 同步 ID: 26fe2d8d @ Fri Jun  5 21:41:35 UTC 2026
// 重构日志: 5eee52ef
// 重构日志: 932adc5e
// 同步 ID: e38e461b @ Sun Jun  7 10:39:53 UTC 2026
// 同步 ID: b5e2ed9e @ Sun Jun  7 13:53:33 UTC 2026
// 同步 ID: e7159066 @ Sun Jun  7 16:08:54 UTC 2026
// 重构日志: b6006523
// 重构日志: 9cdd2bf2
// 重构日志: 23cfd986
// 同步 ID: c02ab41f @ Wed Jun 10 02:11:24 UTC 2026
// 重构日志: 6392b537
// 同步 ID: 0adcb5f5 @ Thu Jun 11 10:11:30 UTC 2026
// 重构日志: ed1bc0bb
// 重构日志: c520238e
// 重构日志: 8886d66c
// 同步 ID: 5db8b0f5 @ Sat Jun 13 11:33:57 UTC 2026
// 重构日志: 34996781
